Magnitude of Metal.qst
Claiming a Stake.qst
The Value of Money.qst
Battle Training.qst
Journalistic Pursuit.qst
The Fake in Yellow.qst
Native Research.qst
Forest of Sorrow.qst
Gran Squall.qst
Addicting Food.qst
The Lost Bride.qst
Waterfall Tears.qst
Black Paper.qst
Secret Delivery.qst
Soul of a Blacksmith.qst
Letter from Lionel.qst
The Grave's Butler.qst
Knowing One's Heart.qst
The Retired Hunter.qst
Dr. Osto's Research.qst
Unsealed Door.qst
Soul of Steel.qst
Doc's Secret Plan.qst
Seek my Master.qst
From the Depths.qst
